2018-10-16 10:20:52 [main] INFO  c.c.FriendManagementControllerTest - Starting FriendManagementControllerTest on DIN8001580 with PID 14328 (started by pamthe in C:\Preeta\Workspace\SPC\SPS)
2018-10-16 10:20:52 [main] INFO  c.c.FriendManagementControllerTest - The following profiles are active: swagger-enabled-for-qa
2018-10-16 10:20:53 [main] INFO  o.s.c.s.PostProcessorRegistrationDelegate$BeanPostProcessorChecker - Bean 'org.springframework.transaction.annotation.ProxyTransactionManagementConfiguration' of type [org.springframework.transaction.annotation.ProxyTransactionManagementConfiguration$$EnhancerBySpringCGLIB$$8c0bed9a] is not eligible for getting processed by all BeanPostProcessors (for example: not eligible for auto-proxying)
2018-10-16 10:20:54 [main] INFO  com.zaxxer.hikari.HikariDataSource - HikariPool-1 - Starting...
2018-10-16 10:20:54 [main] INFO  com.zaxxer.hikari.HikariDataSource - HikariPool-1 - Start completed.
2018-10-16 10:20:54 [main] INFO  o.s.jdbc.datasource.init.ScriptUtils - Executing SQL script from URL [file:/C:/Preeta/Workspace/SPC/SPS/target/classes/schema.sql]
2018-10-16 10:20:54 [main] INFO  o.s.jdbc.datasource.init.ScriptUtils - Executed SQL script from URL [file:/C:/Preeta/Workspace/SPC/SPS/target/classes/schema.sql] in 31 ms.
2018-10-16 10:20:54 [main] INFO  o.s.jdbc.datasource.init.ScriptUtils - Executing SQL script from URL [file:/C:/Preeta/Workspace/SPC/SPS/target/classes/data.sql]
2018-10-16 10:20:54 [main] INFO  o.s.jdbc.datasource.init.ScriptUtils - Executed SQL script from URL [file:/C:/Preeta/Workspace/SPC/SPS/target/classes/data.sql] in 15 ms.
2018-10-16 10:20:54 [main] INFO  s.d.s.w.PropertySourcedRequestMappingHandlerMapping - Mapped URL path [/v2/api-docs] onto method [public org.springframework.http.ResponseEntity<springfox.documentation.spring.web.json.Json> springfox.documentation.swagger2.web.Swagger2Controller.getDocumentation(java.lang.String,javax.servlet.http.HttpServletRequest)]
2018-10-16 10:20:55 [main] INFO  o.s.c.s.DefaultLifecycleProcessor - Starting beans in phase 2147483647
2018-10-16 10:20:55 [main] INFO  s.d.s.w.p.DocumentationPluginsBootstrapper - Context refreshed
2018-10-16 10:20:55 [main] INFO  s.d.s.w.p.DocumentationPluginsBootstrapper - Found 1 custom documentation plugin(s)
2018-10-16 10:20:55 [main] INFO  s.d.s.w.s.ApiListingReferenceScanner - Scanning for api listing references
2018-10-16 10:20:56 [main] INFO  c.c.FriendManagementControllerTest - Started FriendManagementControllerTest in 4.046 seconds (JVM running for 5.139)
2018-10-16 10:20:56 [main] INFO  c.c.c.FriendManagementController - --getFriendList :: ranga@gmail.com
2018-10-16 10:20:56 [main] INFO  c.c.c.FriendManagementController - newFriendConnection :: 
2018-10-16 10:20:56 [main] INFO  c.c.c.FriendManagementController - getCommonFriendList
2018-10-16 10:20:56 [main] INFO  c.c.c.FriendManagementController - subscribeFriend ::
2018-10-16 10:20:56 [Thread-2] INFO  o.s.c.s.DefaultLifecycleProcessor - Stopping beans in phase 2147483647
2018-10-16 10:20:56 [Thread-2] INFO  com.zaxxer.hikari.HikariDataSource - HikariPool-1 - Shutdown initiated...
2018-10-16 10:20:56 [Thread-2] INFO  com.zaxxer.hikari.HikariDataSource - HikariPool-1 - Shutdown completed.
2018-10-16 10:21:07 [main] INFO  com.capgemini.SpsApplication - Starting SpsApplication on DIN8001580 with PID 4364 (C:\Preeta\Workspace\SPC\SPS\target\classes started by pamthe in C:\Preeta\Workspace\SPC\SPS)
2018-10-16 10:21:07 [main] INFO  com.capgemini.SpsApplication - The following profiles are active: swagger-enabled-for-qa
2018-10-16 10:21:07 [main] INFO  o.s.b.w.s.c.AnnotationConfigServletWebServerApplicationContext - Refreshing org.springframework.boot.web.servlet.context.AnnotationConfigServletWebServerApplicationContext@1184ab05: startup date [Tue Oct 16 10:21:07 IST 2018]; root of context hierarchy
2018-10-16 10:21:08 [main] INFO  o.s.c.s.PostProcessorRegistrationDelegate$BeanPostProcessorChecker - Bean 'org.springframework.transaction.annotation.ProxyTransactionManagementConfiguration' of type [org.springframework.transaction.annotation.ProxyTransactionManagementConfiguration$$EnhancerBySpringCGLIB$$49cd6a0f] is not eligible for getting processed by all BeanPostProcessors (for example: not eligible for auto-proxying)
2018-10-16 10:21:08 [main] INFO  o.s.b.w.e.tomcat.TomcatWebServer - Tomcat initialized with port(s): 8086 (http)
2018-10-16 10:21:08 [main] INFO  o.a.catalina.core.StandardService - Starting service [Tomcat]
2018-10-16 10:21:08 [main] INFO  o.a.catalina.core.StandardEngine - Starting Servlet Engine: Apache Tomcat/8.5.34
2018-10-16 10:21:08 [localhost-startStop-1] INFO  o.a.c.core.AprLifecycleListener - The APR based Apache Tomcat Native library which allows optimal performance in production environments was not found on the java.library.path: [C:\Program Files\Java\jre1.8.0_181\bin;C:\WINDOWS\Sun\Java\bin;C:\WINDOWS\system32;C:\WINDOWS;C:/Program Files/Java/jre1.8.0_181/bin/server;C:/Program Files/Java/jre1.8.0_181/bin;C:/Program Files/Java/jre1.8.0_181/lib/amd64;C:\Program Files (x86)\Common Files\Oracle\Java\javapath;C:\ProgramData\Oracle\Java\javapath;C:\WINDOWS\system32;C:\WINDOWS;C:\WINDOWS\System32\Wbem;C:\WINDOWS\System32\WindowsPowerShell\v1.0\;C:\Program Files (x86)\QuickTime\QTSystem\;C:\Program Files\CapgeminiScripts\Support Tools\;C:\Program Files\nodejs\;C:\Program Files\Git\cmd;C:\Users\pamthe\AppData\Local\Microsoft\WindowsApps;C:\Users\pamthe\AppData\Local\Programs\Microsoft VS Code\bin;C:\Users\pamthe\AppData\Roaming\npm;C:\Program Files\Java\jdk1.8.0_181\bin;;C:\Users\pamthe\Downloads\spring-tool-suite-4-4.0.0.RELEASE-e4.9.0-win32.win32.x86_64\sts-4.0.0.RELEASE;;.]
2018-10-16 10:21:08 [localhost-startStop-1] INFO  o.a.c.c.C.[.[.[/friendmanagement] - Initializing Spring embedded WebApplicationContext
2018-10-16 10:21:08 [localhost-startStop-1] INFO  o.s.b.w.s.ServletRegistrationBean - Servlet dispatcherServlet mapped to [/]
2018-10-16 10:21:08 [localhost-startStop-1] INFO  o.s.b.w.s.ServletRegistrationBean - Servlet webServlet mapped to [/h2/*]
2018-10-16 10:21:08 [localhost-startStop-1] INFO  o.s.b.w.s.FilterRegistrationBean - Mapping filter: 'characterEncodingFilter' to: [/*]
2018-10-16 10:21:08 [localhost-startStop-1] INFO  o.s.b.w.s.FilterRegistrationBean - Mapping filter: 'hiddenHttpMethodFilter' to: [/*]
2018-10-16 10:21:08 [localhost-startStop-1] INFO  o.s.b.w.s.FilterRegistrationBean - Mapping filter: 'httpPutFormContentFilter' to: [/*]
2018-10-16 10:21:08 [localhost-startStop-1] INFO  o.s.b.w.s.FilterRegistrationBean - Mapping filter: 'requestContextFilter' to: [/*]
2018-10-16 10:21:08 [main] INFO  com.zaxxer.hikari.HikariDataSource - HikariPool-1 - Starting...
2018-10-16 10:21:08 [main] INFO  com.zaxxer.hikari.HikariDataSource - HikariPool-1 - Start completed.
2018-10-16 10:21:08 [main] INFO  o.s.jdbc.datasource.init.ScriptUtils - Executing SQL script from URL [file:/C:/Preeta/Workspace/SPC/SPS/target/classes/schema.sql]
2018-10-16 10:21:08 [main] INFO  o.s.jdbc.datasource.init.ScriptUtils - Executed SQL script from URL [file:/C:/Preeta/Workspace/SPC/SPS/target/classes/schema.sql] in 11 ms.
2018-10-16 10:21:08 [main] INFO  o.s.jdbc.datasource.init.ScriptUtils - Executing SQL script from URL [file:/C:/Preeta/Workspace/SPC/SPS/target/classes/data.sql]
2018-10-16 10:21:08 [main] INFO  o.s.jdbc.datasource.init.ScriptUtils - Executed SQL script from URL [file:/C:/Preeta/Workspace/SPC/SPS/target/classes/data.sql] in 4 ms.
2018-10-16 10:21:09 [main] INFO  s.d.s.w.PropertySourcedRequestMappingHandlerMapping - Mapped URL path [/v2/api-docs] onto method [public org.springframework.http.ResponseEntity<springfox.documentation.spring.web.json.Json> springfox.documentation.swagger2.web.Swagger2Controller.getDocumentation(java.lang.String,javax.servlet.http.HttpServletRequest)]
2018-10-16 10:21:09 [main] INFO  o.s.j.e.a.AnnotationMBeanExporter - Registering beans for JMX exposure on startup
2018-10-16 10:21:09 [main] INFO  o.s.j.e.a.AnnotationMBeanExporter - Bean with name 'dataSource' has been autodetected for JMX exposure
2018-10-16 10:21:09 [main] INFO  o.s.j.e.a.AnnotationMBeanExporter - Located MBean 'dataSource': registering with JMX server as MBean [com.zaxxer.hikari:name=dataSource,type=HikariDataSource]
2018-10-16 10:21:09 [main] INFO  o.s.c.s.DefaultLifecycleProcessor - Starting beans in phase 2147483647
2018-10-16 10:21:09 [main] INFO  s.d.s.w.p.DocumentationPluginsBootstrapper - Context refreshed
2018-10-16 10:21:09 [main] INFO  s.d.s.w.p.DocumentationPluginsBootstrapper - Found 1 custom documentation plugin(s)
2018-10-16 10:21:09 [main] INFO  s.d.s.w.s.ApiListingReferenceScanner - Scanning for api listing references
2018-10-16 10:21:09 [main] INFO  o.s.b.w.e.tomcat.TomcatWebServer - Tomcat started on port(s): 8086 (http) with context path '/friendmanagement'
2018-10-16 10:21:09 [main] INFO  com.capgemini.SpsApplication - Started SpsApplication in 3.027 seconds (JVM running for 3.924)
2018-10-16 10:21:48 [http-nio-8086-exec-8] INFO  o.a.c.c.C.[.[.[/friendmanagement] - Initializing Spring FrameworkServlet 'dispatcherServlet'
2018-10-16 10:21:48 [http-nio-8086-exec-8] INFO  c.c.c.FriendManagementController - newFriendConnection :: 
2018-10-16 10:22:09 [http-nio-8086-exec-6] INFO  c.c.c.FriendManagementController - --getFriendList :: preeta@gmail.com
2018-10-16 10:22:50 [http-nio-8086-exec-2] INFO  c.c.c.FriendManagementController - --getFriendList :: santosh@gmail.com
2018-10-16 10:24:37 [http-nio-8086-exec-3] INFO  c.c.c.FriendManagementController - subscribeFriend ::
2018-10-16 10:25:09 [http-nio-8086-exec-7] INFO  c.c.c.FriendManagementController - subscribeFriend ::
2018-10-16 10:30:59 [http-nio-8086-exec-1] INFO  c.c.c.FriendManagementController - emailListRecievesupdates ::
2018-10-16 10:35:28 [http-nio-8086-exec-4] INFO  c.c.c.FriendManagementController - subscribeFriend ::
